
> plaid-solution-guide-frontend@0.1.0 start
> PORT=3000 react-scripts start

(node:48272) [DEP_WEBPACK_DEV_SERVER_ON_AFTER_SETUP_MIDDLEWARE] DeprecationWarning: 'onAfterSetupMiddleware' option is deprecated. Please use the 'setupMiddlewares' option.
(Use `node --trace-deprecation ...` to show where the warning was created)
(node:48272) [DEP_WEBPACK_DEV_SERVER_ON_BEFORE_SETUP_MIDDLEWARE] DeprecationWarning: 'onBeforeSetupMiddleware' option is deprecated. Please use the 'setupMiddlewares' option.
Starting the development server...

Compiled with warnings.

[eslint] 
src/App.jsx
  Line 99:10:  'userClosedPanel' is assigned a value but never used                                                                                                                                                                                                                                no-unused-vars
  Line 204:6:  React Hook useEffect has a missing dependency: 'sessionArtifact?.title'. Either include it or remove the dependency array                                                                                                                                                           react-hooks/exhaustive-deps
  Line 318:6:  React Hook useEffect has missing dependencies: 'artifacts', 'createSessionArtifact', 'currentChatInstruction', 'currentSession', 'lastProcessedMessageIndex', 'mergeMode', 'messages', 'sessionArtifact', and 'updateArtifact'. Either include them or remove the dependency array  react-hooks/exhaustive-deps
  Line 500:9:  'forceRefreshArtifactPanel' is assigned a value but never used                                                                                                                                                                                                                      no-unused-vars

src/components/AdminConsole.jsx
  Line 2:47:   'EyeIcon' is defined but never used                            no-unused-vars
  Line 2:56:   'EyeOffIcon' is defined but never used                         no-unused-vars
  Line 12:10:  'showPasswords' is assigned a value but never used             no-unused-vars
  Line 144:9:  'togglePasswordVisibility' is assigned a value but never used  no-unused-vars

src/components/ArtifactPanel.jsx
  Line 6:11:   'FileIcon' is defined but never used                                                                                 no-unused-vars
  Line 7:12:   'CheckIcon' is defined but never used                                                                                no-unused-vars
  Line 41:10:  'downloadFormat' is assigned a value but never used                                                                  no-unused-vars
  Line 41:26:  'setDownloadFormat' is assigned a value but never used                                                               no-unused-vars
  Line 44:10:  'isDownloadMenuOpen' is assigned a value but never used                                                              no-unused-vars
  Line 44:30:  'setIsDownloadMenuOpen' is assigned a value but never used                                                           no-unused-vars
  Line 50:10:  'lastRefreshTime' is assigned a value but never used                                                                 no-unused-vars
  Line 99:6:   React Hook useEffect has a missing dependency: 'artifact'. Either include it or remove the dependency array          react-hooks/exhaustive-deps
  Line 120:6:  React Hook useEffect has a missing dependency: 'artifact'. Either include it or remove the dependency array          react-hooks/exhaustive-deps
  Line 169:6:  React Hook useEffect has a missing dependency: 'editedContent'. Either include it or remove the dependency array     react-hooks/exhaustive-deps
  Line 274:6:  React Hook useEffect has a missing dependency: 'closeContextMenu'. Either include it or remove the dependency array  react-hooks/exhaustive-deps

src/components/ChatWindow.jsx
  Line 237:9:  'handleSaveAsArtifact' is assigned a value but never used                                                                                               no-unused-vars
  Line 247:9:  'handleMergeWithArtifact' is assigned a value but never used                                                                                            no-unused-vars
  Line 273:6:  React Hook React.useEffect has missing dependencies: 'currentWorkspace' and 'hasExistingArtifacts'. Either include them or remove the dependency array  react-hooks/exhaustive-deps

src/components/Header.jsx
  Line 12:3:  'InfoIcon' is defined but never used  no-unused-vars

src/hooks/useChatSession.js
  Line 70:6:   React Hook useEffect has missing dependencies: 'createNewSession' and 'loadSession'. Either include them or remove the dependency array  react-hooks/exhaustive-deps
  Line 429:9:  'simulateAssistantResponse' is assigned a value but never used                                                                           no-unused-vars

src/hooks/useSmartArtifacts.js
  Line 2:16:  'uuidv4' is defined but never used                                                                                                                                            no-unused-vars
  Line 82:6:  React Hook useCallback has missing dependencies: 'createSmartArtifact', 'findLinkedArtifact', and 'updateLinkedArtifact'. Either include them or remove the dependency array  react-hooks/exhaustive-deps

Search for the keywords to learn more about each warning.
To ignore, add // eslint-disable-next-line to the line before.

WARNING in [eslint] 
src/App.jsx
  Line 99:10:  'userClosedPanel' is assigned a value but never used                                                                                                                                                                                                                                no-unused-vars
  Line 204:6:  React Hook useEffect has a missing dependency: 'sessionArtifact?.title'. Either include it or remove the dependency array                                                                                                                                                           react-hooks/exhaustive-deps
  Line 318:6:  React Hook useEffect has missing dependencies: 'artifacts', 'createSessionArtifact', 'currentChatInstruction', 'currentSession', 'lastProcessedMessageIndex', 'mergeMode', 'messages', 'sessionArtifact', and 'updateArtifact'. Either include them or remove the dependency array  react-hooks/exhaustive-deps
  Line 500:9:  'forceRefreshArtifactPanel' is assigned a value but never used                                                                                                                                                                                                                      no-unused-vars

src/components/AdminConsole.jsx
  Line 2:47:   'EyeIcon' is defined but never used                            no-unused-vars
  Line 2:56:   'EyeOffIcon' is defined but never used                         no-unused-vars
  Line 12:10:  'showPasswords' is assigned a value but never used             no-unused-vars
  Line 144:9:  'togglePasswordVisibility' is assigned a value but never used  no-unused-vars

src/components/ArtifactPanel.jsx
  Line 6:11:   'FileIcon' is defined but never used                                                                                 no-unused-vars
  Line 7:12:   'CheckIcon' is defined but never used                                                                                no-unused-vars
  Line 41:10:  'downloadFormat' is assigned a value but never used                                                                  no-unused-vars
  Line 41:26:  'setDownloadFormat' is assigned a value but never used                                                               no-unused-vars
  Line 44:10:  'isDownloadMenuOpen' is assigned a value but never used                                                              no-unused-vars
  Line 44:30:  'setIsDownloadMenuOpen' is assigned a value but never used                                                           no-unused-vars
  Line 50:10:  'lastRefreshTime' is assigned a value but never used                                                                 no-unused-vars
  Line 99:6:   React Hook useEffect has a missing dependency: 'artifact'. Either include it or remove the dependency array          react-hooks/exhaustive-deps
  Line 120:6:  React Hook useEffect has a missing dependency: 'artifact'. Either include it or remove the dependency array          react-hooks/exhaustive-deps
  Line 169:6:  React Hook useEffect has a missing dependency: 'editedContent'. Either include it or remove the dependency array     react-hooks/exhaustive-deps
  Line 274:6:  React Hook useEffect has a missing dependency: 'closeContextMenu'. Either include it or remove the dependency array  react-hooks/exhaustive-deps

src/components/ChatWindow.jsx
  Line 237:9:  'handleSaveAsArtifact' is assigned a value but never used                                                                                               no-unused-vars
  Line 247:9:  'handleMergeWithArtifact' is assigned a value but never used                                                                                            no-unused-vars
  Line 273:6:  React Hook React.useEffect has missing dependencies: 'currentWorkspace' and 'hasExistingArtifacts'. Either include them or remove the dependency array  react-hooks/exhaustive-deps

src/components/Header.jsx
  Line 12:3:  'InfoIcon' is defined but never used  no-unused-vars

src/hooks/useChatSession.js
  Line 70:6:   React Hook useEffect has missing dependencies: 'createNewSession' and 'loadSession'. Either include them or remove the dependency array  react-hooks/exhaustive-deps
  Line 429:9:  'simulateAssistantResponse' is assigned a value but never used                                                                           no-unused-vars

src/hooks/useSmartArtifacts.js
  Line 2:16:  'uuidv4' is defined but never used                                                                                                                                            no-unused-vars
  Line 82:6:  React Hook useCallback has missing dependencies: 'createSmartArtifact', 'findLinkedArtifact', and 'updateLinkedArtifact'. Either include them or remove the dependency array  react-hooks/exhaustive-deps

webpack compiled with 1 warning
